build/app/intermediates/manifest_merge_blame_file/release/manifest-merger-blame-release-report.txt
1<?xml version="1.0" encoding="utf-8"?>
2<manifest xmlns:android="http://schemas.android.com/apk/res/android"
3    package="com.example.project_1"
4    android:versionCode="1"
5    android:versionName="1.0.0" >
6
7    <uses-sdk
8        android:minSdkVersion="21"
8-->src\main\AndroidManifest.xml
9        android:targetSdkVersion="34" />
9-->src\main\AndroidManifest.xml
10
11    <permission
11-->[androidx.core:core:1.13.1] AndroidManifest.xml:22:5-24:47
12        android:name="com.example.project_1.DYNAMIC_RECEIVER_NOT_EXPORTED_PERMISSION"
12-->[androidx.core:core:1.13.1] AndroidManifest.xml:23:9-81
13        android:protectionLevel="signature" />
13-->[androidx.core:core:1.13.1] AndroidManifest.xml:24:9-44
14
15    <uses-permission android:name="com.example.project_1.DYNAMIC_RECEIVER_NOT_EXPORTED_PERMISSION" />
15-->[androidx.core:core:1.13.1] AndroidManifest.xml:26:5-97
15-->[androidx.core:core:1.13.1] AndroidManifest.xml:26:22-94
16
17    <application
18        android:name="android.app.Application"
18-->src\main\AndroidManifest.xml:4:9-42
19        android:appComponentFactory="androidx.core.app.CoreComponentFactory"
19-->[androidx.core:core:1.13.1] AndroidManifest.xml:28:18-86
20        android:icon="@mipmap/ic_launcher"
20-->src\main\AndroidManifest.xml:5:9-43
21        android:label="project_1" >
21-->src\main\AndroidManifest.xml:3:9-34
22        <activity
22-->src\main\AndroidManifest.xml:6:9-26:20
23            android:name="com.example.project_1.MainActivity"
23-->src\main\AndroidManifest.xml:7:13-41
24            android:configChanges="orientation|keyboardHidden|keyboard|screenSize|smallestScreenSize|locale|layoutDirection|fontScale|screenLayout|density|uiMode"
24-->src\main\AndroidManifest.xml:11:13-163
25            android:exported="true"
25-->src\main\AndroidManifest.xml:8:13-36
26            android:hardwareAccelerated="true"
26-->src\main\AndroidManifest.xml:12:13-47
27            android:launchMode="singleTop"
27-->src\main\AndroidManifest.xml:9:13-43
28            android:theme="@style/LaunchTheme"
28-->src\main\AndroidManifest.xml:10:13-47
29            android:windowSoftInputMode="adjustResize" >
29-->src\main\AndroidManifest.xml:13:13-55
30
31            <!--
32                 Specifies an Android theme to apply to this Activity as soon as
33                 the Android process has started. This theme is visible to the user
34                 while the Flutter UI initializes. After that, this theme continues
35                 to determine the Window background behind the Flutter UI.
36            -->
37            <meta-data
37-->src\main\AndroidManifest.xml:18:13-21:17
38                android:name="io.flutter.embedding.android.NormalTheme"
38-->src\main\AndroidManifest.xml:19:15-70
39                android:resource="@style/NormalTheme" />
39-->src\main\AndroidManifest.xml:20:15-52
40
41            <intent-filter>
41-->src\main\AndroidManifest.xml:22:13-25:29
42                <action android:name="android.intent.action.MAIN" />
42-->src\main\AndroidManifest.xml:23:17-68
42-->src\main\AndroidManifest.xml:23:25-66
43
44                <category android:name="android.intent.category.LAUNCHER" />
44-->src\main\AndroidManifest.xml:24:17-76
44-->src\main\AndroidManifest.xml:24:27-74
45            </intent-filter>
46        </activity>
47        <!--
48             Don't delete the meta-data below.
49             This is used by the Flutter tool to generate GeneratedPluginRegistrant.java
50        -->
51        <meta-data
51-->src\main\AndroidManifest.xml:29:9-31:33
52            android:name="flutterEmbedding"
52-->src\main\AndroidManifest.xml:30:13-44
53            android:value="2" />
53-->src\main\AndroidManifest.xml:31:13-30
54
55        <provider
55-->[:flutter_webview_plugin] AndroidManifest.xml:11:9-20:20
56            android:name="androidx.core.content.FileProvider"
56-->[:flutter_webview_plugin] AndroidManifest.xml:12:13-62
57            android:authorities="com.example.project_1.fileprovider"
57-->[:flutter_webview_plugin] AndroidManifest.xml:13:13-64
58            android:exported="false"
58-->[:flutter_webview_plugin] AndroidManifest.xml:14:13-37
59            android:grantUriPermissions="true" >
59-->[:flutter_webview_plugin] AndroidManifest.xml:15:13-47
60            <meta-data
60-->[:flutter_webview_plugin] AndroidManifest.xml:17:13-19:53
61                android:name="android.support.FILE_PROVIDER_PATHS"
61-->[:flutter_webview_plugin] AndroidManifest.xml:18:17-67
62                android:resource="@xml/filepaths" />
62-->[:flutter_webview_plugin] AndroidManifest.xml:19:17-50
63        </provider>
64
65        <activity
65-->[:url_launcher_android] AndroidManifest.xml:10:9-13:74
66            android:name="io.flutter.plugins.urllauncher.WebViewActivity"
66-->[:url_launcher_android] AndroidManifest.xml:11:13-74
67            android:exported="false"
67-->[:url_launcher_android] AndroidManifest.xml:12:13-37
68            android:theme="@android:style/Theme.NoTitleBar.Fullscreen" />
68-->[:url_launcher_android] AndroidManifest.xml:13:13-71
69
70        <uses-library
70-->[androidx.window:window:1.2.0] AndroidManifest.xml:23:9-25:40
71            android:name="androidx.window.extensions"
71-->[androidx.window:window:1.2.0] AndroidManifest.xml:24:13-54
72            android:required="false" />
72-->[androidx.window:window:1.2.0] AndroidManifest.xml:25:13-37
73        <uses-library
73-->[androidx.window:window:1.2.0] AndroidManifest.xml:26:9-28:40
74            android:name="androidx.window.sidecar"
74-->[androidx.window:window:1.2.0] AndroidManifest.xml:27:13-51
75            android:required="false" />
75-->[androidx.window:window:1.2.0] AndroidManifest.xml:28:13-37
76
77        <provider
77-->[androidx.lifecycle:lifecycle-process:2.7.0] AndroidManifest.xml:24:9-32:20
78            android:name="androidx.startup.InitializationProvider"
78-->[androidx.lifecycle:lifecycle-process:2.7.0] AndroidManifest.xml:25:13-67
79            android:authorities="com.example.project_1.androidx-startup"
79-->[androidx.lifecycle:lifecycle-process:2.7.0] AndroidManifest.xml:26:13-68
80            android:exported="false" >
80-->[androidx.lifecycle:lifecycle-process:2.7.0] AndroidManifest.xml:27:13-37
81            <meta-data
81-->[androidx.lifecycle:lifecycle-process:2.7.0] AndroidManifest.xml:29:13-31:52
82                android:name="androidx.lifecycle.ProcessLifecycleInitializer"
82-->[androidx.lifecycle:lifecycle-process:2.7.0] AndroidManifest.xml:30:17-78
83                android:value="androidx.startup" />
83-->[androidx.lifecycle:lifecycle-process:2.7.0] AndroidManifest.xml:31:17-49
84            <meta-data
84-->[androidx.profileinstaller:profileinstaller:1.3.1] AndroidManifest.xml:29:13-31:52
85                android:name="androidx.profileinstaller.ProfileInstallerInitializer"
85-->[androidx.profileinstaller:profileinstaller:1.3.1] AndroidManifest.xml:30:17-85
86                android:value="androidx.startup" />
86-->[androidx.profileinstaller:profileinstaller:1.3.1] AndroidManifest.xml:31:17-49
87        </provider>
88
89        <receiver
89-->[androidx.profileinstaller:profileinstaller:1.3.1] AndroidManifest.xml:34:9-52:20
90            android:name="androidx.profileinstaller.ProfileInstallReceiver"
90-->[androidx.profileinstaller:profileinstaller:1.3.1] AndroidManifest.xml:35:13-76
91            android:directBootAware="false"
91-->[androidx.profileinstaller:profileinstaller:1.3.1] AndroidManifest.xml:36:13-44
92            android:enabled="true"
92-->[androidx.profileinstaller:profileinstaller:1.3.1] AndroidManifest.xml:37:13-35
93            android:exported="true"
93-->[androidx.profileinstaller:profileinstaller:1.3.1] AndroidManifest.xml:38:13-36
94            android:permission="android.permission.DUMP" >
94-->[androidx.profileinstaller:profileinstaller:1.3.1] AndroidManifest.xml:39:13-57
95            <intent-filter>
95-->[androidx.profileinstaller:profileinstaller:1.3.1] AndroidManifest.xml:40:13-42:29
96                <action android:name="androidx.profileinstaller.action.INSTALL_PROFILE" />
96-->[androidx.profileinstaller:profileinstaller:1.3.1] AndroidManifest.xml:41:17-91
96-->[androidx.profileinstaller:profileinstaller:1.3.1] AndroidManifest.xml:41:25-88
97            </intent-filter>
98            <intent-filter>
98-->[androidx.profileinstaller:profileinstaller:1.3.1] AndroidManifest.xml:43:13-45:29
99                <action android:name="androidx.profileinstaller.action.SKIP_FILE" />
99-->[androidx.profileinstaller:profileinstaller:1.3.1] AndroidManifest.xml:44:17-85
99-->[androidx.profileinstaller:profileinstaller:1.3.1] AndroidManifest.xml:44:25-82
100            </intent-filter>
101            <intent-filter>
101-->[androidx.profileinstaller:profileinstaller:1.3.1] AndroidManifest.xml:46:13-48:29
102                <action android:name="androidx.profileinstaller.action.SAVE_PROFILE" />
102-->[androidx.profileinstaller:profileinstaller:1.3.1] AndroidManifest.xml:47:17-88
102-->[androidx.profileinstaller:profileinstaller:1.3.1] AndroidManifest.xml:47:25-85
103            </intent-filter>
104            <intent-filter>
104-->[androidx.profileinstaller:profileinstaller:1.3.1] AndroidManifest.xml:49:13-51:29
105                <action android:name="androidx.profileinstaller.action.BENCHMARK_OPERATION" />
105-->[androidx.profileinstaller:profileinstaller:1.3.1] AndroidManifest.xml:50:17-95
105-->[androidx.profileinstaller:profileinstaller:1.3.1] AndroidManifest.xml:50:25-92
106            </intent-filter>
107        </receiver>
108    </application>
109
110</manifest>